<?xml version="1.0" encoding="UTF-8"?>
<!-- Generated by org.testng.reporters.JUnitReportReporter -->
<testsuite hostname="ZCHD-CQR-SHIVAM-PANDOH" failures="0" tests="5" name="Apitesting.testproject.TestCases" time="10.206" errors="0" timestamp="31 May 2022 08:38:55 GMT" skipped="0">
  <testcase classname="Apitesting.testproject.TestCases" name="testCreateToken" time="1.569"/>
  <testcase classname="Apitesting.testproject.TestCases" name="createBooking" time="4.026"/>
  <testcase classname="Apitesting.testproject.TestCases" name="testgetbookingid" time="1.606"/>
  <testcase classname="Apitesting.testproject.TestCases" name="getBookingId" time="1.512"/>
  <testcase classname="Apitesting.testproject.TestCases" name="healthCheck" time="1.493"/>
</testsuite> <!-- Apitesting.testproject.TestCases -->
