<?xml version="1.0" encoding="UTF-8"?>
<!-- Generated by org.testng.reporters.JUnitReportReporter -->
<testsuite hostname="ZCHD-CQR-SHIVAM-PANDOH" failures="0" tests="3" name="Apitesting.testproject.TestCases" time="5.556" errors="0" timestamp="27 May 2022 12:39:39 GMT" skipped="0">
  <testcase classname="Apitesting.testproject.TestCases" name="getBookingId" time="1.509"/>
  <testcase classname="Apitesting.testproject.TestCases" name="healthCheck" time="1.424"/>
  <testcase classname="Apitesting.testproject.TestCases" name="createBooking" time="2.623"/>
</testsuite> <!-- Apitesting.testproject.TestCases -->
